{"C:\\Users\\david\\Documents\\BE-Template-master\\src\\model.js": {"path":"C:\\Users\\david\\Documents\\BE-Template-master\\src\\model.js","statementMap":{"0":{"start":{"line":3,"column":25},"end":{"line":6,"column":2}},"1":{"start":{"line":9,"column":0},"end":{"line":34,"column":2}},"2":{"start":{"line":37,"column":0},"end":{"line":51,"column":2}},"3":{"start":{"line":54,"column":0},"end":{"line":76,"column":2}},"4":{"start":{"line":78,"column":0},"end":{"line":78,"column":71}},"5":{"start":{"line":79,"column":0},"end":{"line":79,"column":47}},"6":{"start":{"line":80,"column":0},"end":{"line":80,"column":65}},"7":{"start":{"line":81,"column":0},"end":{"line":81,"column":43}},"8":{"start":{"line":82,"column":0},"end":{"line":82,"column":21}},"9":{"start":{"line":83,"column":0},"end":{"line":83,"column":23}}},"fnMap":{},"branchMap":{},"s":{"0":1,"1":1,"2":1,"3":1,"4":1,"5":1,"6":1,"7":1,"8":1,"9":1},"f":{},"b":{},"_coverageSchema":"1a1c01bbd47fc00a2c39e90264f33305004495a9","hash":"cdae5a884cb70934e90ab19d26e2458309386276"}
,"C:\\Users\\david\\Documents\\BE-Template-master\\src\\server.js": {"path":"C:\\Users\\david\\Documents\\BE-Template-master\\src\\server.js","statementMap":{"0":{"start":{"line":7,"column":12},"end":{"line":7,"column":21}},"1":{"start":{"line":8,"column":0},"end":{"line":8,"column":31}},"2":{"start":{"line":9,"column":0},"end":{"line":9,"column":35}},"3":{"start":{"line":11,"column":0},"end":{"line":11,"column":24}},"4":{"start":{"line":12,"column":0},"end":{"line":12,"column":27}},"5":{"start":{"line":13,"column":0},"end":{"line":13,"column":25}},"6":{"start":{"line":14,"column":0},"end":{"line":14,"column":20}},"7":{"start":{"line":18,"column":0},"end":{"line":18,"column":7}},"8":{"start":{"line":21,"column":2},"end":{"line":28,"column":3}},"9":{"start":{"line":22,"column":4},"end":{"line":24,"column":7}},"10":{"start":{"line":23,"column":6},"end":{"line":23,"column":56}},"11":{"start":{"line":26,"column":4},"end":{"line":26,"column":65}},"12":{"start":{"line":27,"column":4},"end":{"line":27,"column":20}}},"fnMap":{"0":{"name":"init","decl":{"start":{"line":20,"column":15},"end":{"line":20,"column":19}},"loc":{"start":{"line":20,"column":22},"end":{"line":29,"column":1}},"line":20},"1":{"name":"(anonymous_1)","decl":{"start":{"line":22,"column":21},"end":{"line":22,"column":22}},"loc":{"start":{"line":22,"column":27},"end":{"line":24,"column":5}},"line":22}},"branchMap":{},"s":{"0":1,"1":1,"2":1,"3":1,"4":1,"5":1,"6":1,"7":1,"8":1,"9":1,"10":1,"11":0,"12":0},"f":{"0":1,"1":1},"b":{},"_coverageSchema":"1a1c01bbd47fc00a2c39e90264f33305004495a9","hash":"a912e4a3bd2970e069843aa4cbf7298198ea0849"}
,"C:\\Users\\david\\Documents\\BE-Template-master\\src\\constants\\common.constants.js": {"path":"C:\\Users\\david\\Documents\\BE-Template-master\\src\\constants\\common.constants.js","statementMap":{"0":{"start":{"line":1,"column":46},"end":{"line":1,"column":67}},"1":{"start":{"line":2,"column":22},"end":{"line":2,"column":30}},"2":{"start":{"line":3,"column":26},"end":{"line":3,"column":38}},"3":{"start":{"line":4,"column":19},"end":{"line":4,"column":24}},"4":{"start":{"line":5,"column":27},"end":{"line":5,"column":40}},"5":{"start":{"line":6,"column":26},"end":{"line":6,"column":38}}},"fnMap":{},"branchMap":{},"s":{"0":1,"1":1,"2":1,"3":1,"4":1,"5":1},"f":{},"b":{},"_coverageSchema":"1a1c01bbd47fc00a2c39e90264f33305004495a9","hash":"69739020148498674f47423ce8d847a02c8d21f8"}
,"C:\\Users\\david\\Documents\\BE-Template-master\\src\\constants\\contracts.constants.js": {"path":"C:\\Users\\david\\Documents\\BE-Template-master\\src\\constants\\contracts.constants.js","statementMap":{"0":{"start":{"line":1,"column":34},"end":{"line":1,"column":97}},"1":{"start":{"line":2,"column":41},"end":{"line":2,"column":78}}},"fnMap":{},"branchMap":{},"s":{"0":1,"1":1},"f":{},"b":{},"_coverageSchema":"1a1c01bbd47fc00a2c39e90264f33305004495a9","hash":"f2dec9f8ebb007211c81ba91f632b963f99c6789"}
,"C:\\Users\\david\\Documents\\BE-Template-master\\src\\constants\\jobs.constants.js": {"path":"C:\\Users\\david\\Documents\\BE-Template-master\\src\\constants\\jobs.constants.js","statementMap":{"0":{"start":{"line":1,"column":36},"end":{"line":1,"column":58}}},"fnMap":{},"branchMap":{},"s":{"0":1},"f":{},"b":{},"_coverageSchema":"1a1c01bbd47fc00a2c39e90264f33305004495a9","hash":"63fcb9fcb14b85b00460c9a0f2edc0b132af802b"}
,"C:\\Users\\david\\Documents\\BE-Template-master\\src\\controllers\\contracts.controller.js": {"path":"C:\\Users\\david\\Documents\\BE-Template-master\\src\\controllers\\contracts.controller.js","statementMap":{"0":{"start":{"line":11,"column":31},"end":{"line":25,"column":1}},"1":{"start":{"line":12,"column":22},"end":{"line":12,"column":41}},"2":{"start":{"line":13,"column":19},"end":{"line":13,"column":29}},"3":{"start":{"line":15,"column":25},"end":{"line":15,"column":44}},"4":{"start":{"line":16,"column":21},"end":{"line":18,"column":6}},"5":{"start":{"line":20,"column":4},"end":{"line":22,"column":12}},"6":{"start":{"line":20,"column":18},"end":{"line":22,"column":12}},"7":{"start":{"line":24,"column":4},"end":{"line":24,"column":22}},"8":{"start":{"line":27,"column":45},"end":{"line":40,"column":1}},"9":{"start":{"line":28,"column":22},"end":{"line":28,"column":41}},"10":{"start":{"line":30,"column":25},"end":{"line":30,"column":44}},"11":{"start":{"line":31,"column":22},"end":{"line":33,"column":6}},"12":{"start":{"line":35,"column":4},"end":{"line":37,"column":12}},"13":{"start":{"line":35,"column":26},"end":{"line":37,"column":12}},"14":{"start":{"line":39,"column":4},"end":{"line":39,"column":24}}},"fnMap":{"0":{"name":"(anonymous_0)","decl":{"start":{"line":11,"column":31},"end":{"line":11,"column":32}},"loc":{"start":{"line":11,"column":51},"end":{"line":25,"column":1}},"line":11},"1":{"name":"(anonymous_1)","decl":{"start":{"line":27,"column":45},"end":{"line":27,"column":46}},"loc":{"start":{"line":27,"column":65},"end":{"line":40,"column":1}},"line":27}},"branchMap":{"0":{"loc":{"start":{"line":20,"column":4},"end":{"line":22,"column":12}},"type":"if","locations":[{"start":{"line":20,"column":4},"end":{"line":22,"column":12}},{"start":{},"end":{}}],"line":20},"1":{"loc":{"start":{"line":35,"column":4},"end":{"line":37,"column":12}},"type":"if","locations":[{"start":{"line":35,"column":4},"end":{"line":37,"column":12}},{"start":{},"end":{}}],"line":35}},"s":{"0":1,"1":2,"2":2,"3":2,"4":2,"5":2,"6":1,"7":1,"8":1,"9":2,"10":2,"11":2,"12":2,"13":1,"14":1},"f":{"0":2,"1":2},"b":{"0":[1,1],"1":[1,1]},"_coverageSchema":"1a1c01bbd47fc00a2c39e90264f33305004495a9","hash":"3ac5b4a0cd353291c76f03c8dffdc25cdc9b8709"}
,"C:\\Users\\david\\Documents\\BE-Template-master\\src\\controllers\\jobs.controller.js": {"path":"C:\\Users\\david\\Documents\\BE-Template-master\\src\\controllers\\jobs.controller.js","statementMap":{"0":{"start":{"line":6,"column":29},"end":{"line":28,"column":1}},"1":{"start":{"line":7,"column":22},"end":{"line":7,"column":41}},"2":{"start":{"line":8,"column":20},"end":{"line":8,"column":41}},"3":{"start":{"line":9,"column":22},"end":{"line":9,"column":46}},"4":{"start":{"line":11,"column":19},"end":{"line":18,"column":5}},"5":{"start":{"line":20,"column":31},"end":{"line":20,"column":66}},"6":{"start":{"line":20,"column":56},"end":{"line":20,"column":65}},"7":{"start":{"line":22,"column":4},"end":{"line":25,"column":13}},"8":{"start":{"line":22,"column":35},"end":{"line":25,"column":13}},"9":{"start":{"line":27,"column":4},"end":{"line":27,"column":33}}},"fnMap":{"0":{"name":"(anonymous_0)","decl":{"start":{"line":6,"column":29},"end":{"line":6,"column":30}},"loc":{"start":{"line":6,"column":49},"end":{"line":28,"column":1}},"line":6},"1":{"name":"(anonymous_1)","decl":{"start":{"line":20,"column":49},"end":{"line":20,"column":50}},"loc":{"start":{"line":20,"column":56},"end":{"line":20,"column":65}},"line":20}},"branchMap":{"0":{"loc":{"start":{"line":22,"column":4},"end":{"line":25,"column":13}},"type":"if","locations":[{"start":{"line":22,"column":4},"end":{"line":25,"column":13}},{"start":{},"end":{}}],"line":22}},"s":{"0":1,"1":2,"2":2,"3":2,"4":2,"5":2,"6":6,"7":2,"8":1,"9":1},"f":{"0":2,"1":6},"b":{"0":[1,1]},"_coverageSchema":"1a1c01bbd47fc00a2c39e90264f33305004495a9","hash":"17ba7b33408a3a09a2ef988e1f9709f889a663cf"}
,"C:\\Users\\david\\Documents\\BE-Template-master\\src\\middleware\\getProfile.js": {"path":"C:\\Users\\david\\Documents\\BE-Template-master\\src\\middleware\\getProfile.js","statementMap":{"0":{"start":{"line":4,"column":26},"end":{"line":15,"column":1}},"1":{"start":{"line":5,"column":24},"end":{"line":5,"column":45}},"2":{"start":{"line":6,"column":20},"end":{"line":6,"column":84}},"3":{"start":{"line":8,"column":4},"end":{"line":11,"column":12}},"4":{"start":{"line":8,"column":17},"end":{"line":11,"column":12}},"5":{"start":{"line":13,"column":4},"end":{"line":13,"column":25}},"6":{"start":{"line":14,"column":4},"end":{"line":14,"column":10}}},"fnMap":{"0":{"name":"(anonymous_0)","decl":{"start":{"line":4,"column":26},"end":{"line":4,"column":27}},"loc":{"start":{"line":4,"column":52},"end":{"line":15,"column":1}},"line":4}},"branchMap":{"0":{"loc":{"start":{"line":6,"column":55},"end":{"line":6,"column":81}},"type":"binary-expr","locations":[{"start":{"line":6,"column":55},"end":{"line":6,"column":76}},{"start":{"line":6,"column":80},"end":{"line":6,"column":81}}],"line":6},"1":{"loc":{"start":{"line":8,"column":4},"end":{"line":11,"column":12}},"type":"if","locations":[{"start":{"line":8,"column":4},"end":{"line":11,"column":12}},{"start":{},"end":{}}],"line":8}},"s":{"0":1,"1":6,"2":6,"3":6,"4":0,"5":6,"6":6},"f":{"0":6},"b":{"0":[6,0],"1":[0,6]},"_coverageSchema":"1a1c01bbd47fc00a2c39e90264f33305004495a9","hash":"9d39ee2e600b8f61807604cc570812e9a64fa3bb"}
,"C:\\Users\\david\\Documents\\BE-Template-master\\src\\routes\\contracts.routes.js": {"path":"C:\\Users\\david\\Documents\\BE-Template-master\\src\\routes\\contracts.routes.js","statementMap":{"0":{"start":{"line":9,"column":15},"end":{"line":9,"column":23}},"1":{"start":{"line":11,"column":0},"end":{"line":11,"column":58}},"2":{"start":{"line":12,"column":0},"end":{"line":12,"column":68}}},"fnMap":{},"branchMap":{},"s":{"0":1,"1":1,"2":1},"f":{},"b":{},"_coverageSchema":"1a1c01bbd47fc00a2c39e90264f33305004495a9","hash":"1adf7dbb16f0565e66a6676af630649514e7c4e3"}
,"C:\\Users\\david\\Documents\\BE-Template-master\\src\\routes\\jobs.routes.js": {"path":"C:\\Users\\david\\Documents\\BE-Template-master\\src\\routes\\jobs.routes.js","statementMap":{"0":{"start":{"line":6,"column":15},"end":{"line":6,"column":23}},"1":{"start":{"line":8,"column":0},"end":{"line":8,"column":54}}},"fnMap":{},"branchMap":{},"s":{"0":1,"1":1},"f":{},"b":{},"_coverageSchema":"1a1c01bbd47fc00a2c39e90264f33305004495a9","hash":"340e561c1b4fd5927b2205701663a3bcfb6cc9f1"}
}
