TN:
SF:src\model.js
FNF:0
FNH:0
DA:3,1
DA:9,1
DA:37,1
DA:54,1
DA:78,1
DA:79,1
DA:80,1
DA:81,1
DA:82,1
DA:83,1
LF:10
LH:10
BRF:0
BRH:0
end_of_record
TN:
SF:src\server.js
FN:20,init
FN:22,(anonymous_1)
FNF:2
FNH:2
FNDA:1,init
FNDA:1,(anonymous_1)
DA:7,1
DA:8,1
DA:9,1
DA:11,1
DA:12,1
DA:13,1
DA:14,1
DA:18,1
DA:21,1
DA:22,1
DA:23,1
DA:26,0
DA:27,0
LF:13
LH:11
BRF:0
BRH:0
end_of_record
TN:
SF:src\constants\common.constants.js
FNF:0
FNH:0
DA:1,1
DA:2,1
DA:3,1
DA:4,1
DA:5,1
DA:6,1
LF:6
LH:6
BRF:0
BRH:0
end_of_record
TN:
SF:src\constants\contracts.constants.js
FNF:0
FNH:0
DA:1,1
DA:2,1
LF:2
LH:2
BRF:0
BRH:0
end_of_record
TN:
SF:src\constants\jobs.constants.js
FNF:0
FNH:0
DA:1,1
LF:1
LH:1
BRF:0
BRH:0
end_of_record
TN:
SF:src\controllers\contracts.controller.js
FN:11,(anonymous_0)
FN:27,(anonymous_1)
FNF:2
FNH:2
FNDA:2,(anonymous_0)
FNDA:2,(anonymous_1)
DA:11,1
DA:12,2
DA:13,2
DA:15,2
DA:16,2
DA:20,2
DA:24,1
DA:27,1
DA:28,2
DA:30,2
DA:31,2
DA:35,2
DA:39,1
LF:13
LH:13
BRDA:20,0,0,1
BRDA:20,0,1,1
BRDA:35,1,0,1
BRDA:35,1,1,1
BRF:4
BRH:4
end_of_record
TN:
SF:src\controllers\jobs.controller.js
FN:6,(anonymous_0)
FN:20,(anonymous_1)
FNF:2
FNH:2
FNDA:2,(anonymous_0)
FNDA:6,(anonymous_1)
DA:6,1
DA:7,2
DA:8,2
DA:9,2
DA:11,2
DA:20,6
DA:22,2
DA:27,1
LF:8
LH:8
BRDA:22,0,0,1
BRDA:22,0,1,1
BRF:2
BRH:2
end_of_record
TN:
SF:src\middleware\getProfile.js
FN:4,(anonymous_0)
FNF:1
FNH:1
FNDA:6,(anonymous_0)
DA:4,1
DA:5,6
DA:6,6
DA:8,6
DA:13,6
DA:14,6
LF:6
LH:6
BRDA:6,0,0,6
BRDA:6,0,1,0
BRDA:8,1,0,0
BRDA:8,1,1,6
BRF:4
BRH:2
end_of_record
TN:
SF:src\routes\contracts.routes.js
FNF:0
FNH:0
DA:9,1
DA:11,1
DA:12,1
LF:3
LH:3
BRF:0
BRH:0
end_of_record
TN:
SF:src\routes\jobs.routes.js
FNF:0
FNH:0
DA:6,1
DA:8,1
LF:2
LH:2
BRF:0
BRH:0
end_of_record
